; ModuleID = 'dinosaur'
source_filename = "dinosaur"

@a = global i32 0
@b = global i32 0
@fmt = private unnamed_addr constant [4 x i8] c"%d\0A\00", align 1
@fmt.1 = private unnamed_addr constant [4 x i8] c"%g\0A\00", align 1
@fmt.2 = private unnamed_addr constant [4 x i8] c"%s\0A\00", align 1
@fmt.3 = private unnamed_addr constant [4 x i8] c"%c\0A\00", align 1
@fmt.4 = private unnamed_addr constant [4 x i8] c"%d\0A\00", align 1

declare i32 @printf(i8*, ...)

declare i32 @strcmp(i8*, i8*)

define i32 @main() {
entry:
  %new_li = alloca i32, i32 3, align 4
  %old_li = alloca i32, i32 3, align 4
  %r_li = alloca i32, i32 3, align 4
  %sub_li = alloca i32, i32 2, align 4
  %i = alloca i32, align 4
  %a = alloca i32, align 4
  %b = alloca i32, align 4
  %dummy = alloca i32, align 4
  store i32 0, i32* %i, align 4
  br label %while_predicate_block

while_predicate_block:                            ; preds = %while_body_block, %entry
  %i4 = load i32, i32* %i, align 4
  %tmp5 = icmp slt i32 %i4, 3
  br i1 %tmp5, label %while_body_block, label %while_merge_block

while_body_block:                                 ; preds = %while_predicate_block
  %i1 = load i32, i32* %i, align 4
  %storeLiIndex = getelementptr inbounds i32, i32* %new_li, i32 %i1
  %i2 = load i32, i32* %i, align 4
  store i32 %i2, i32* %storeLiIndex, align 4
  %i3 = load i32, i32* %i, align 4
  %tmp = add i32 %i3, 1
  store i32 %tmp, i32* %i, align 4
  br label %while_predicate_block

while_merge_block:                                ; preds = %while_predicate_block
  %storeLiIndex6 = getelementptr inbounds i32, i32* %old_li, i32 0
  store i32 5, i32* %storeLiIndex6, align 4
  %storeLiIndex7 = getelementptr inbounds i32, i32* %old_li, i32 1
  store i32 4, i32* %storeLiIndex7, align 4
  %storeLiIndex8 = getelementptr inbounds i32, i32* %old_li, i32 2
  store i32 4, i32* %storeLiIndex8, align 4
  %storeLiIndex9 = getelementptr inbounds i32, i32* %old_li, i32 0
  %old_li10 = load i32, i32* %storeLiIndex9, align 4
  %storeLiIndex11 = getelementptr inbounds i32, i32* %old_li, i32 1
  %old_li12 = load i32, i32* %storeLiIndex11, align 4
  %storeLiIndex13 = getelementptr inbounds i32, i32* %old_li, i32 2
  %old_li14 = load i32, i32* %storeLiIndex13, align 4
  %storeLiIndex15 = getelementptr inbounds i32, i32* %new_li, i32 0
  %new_li16 = load i32, i32* %storeLiIndex15, align 4
  %storeLiIndex17 = getelementptr inbounds i32, i32* %new_li, i32 1
  %new_li18 = load i32, i32* %storeLiIndex17, align 4
  %storeLiIndex19 = getelementptr inbounds i32, i32* %new_li, i32 2
  %new_li20 = load i32, i32* %storeLiIndex19, align 4
  %tmp21 = sub i32 %old_li14, %new_li20
  %tmp22 = sub i32 %old_li12, %new_li18
  %tmp23 = sub i32 %old_li10, %new_li16
  %storeLiIndex24 = getelementptr inbounds i32, i32* %r_li, i32 0
  store i32 %tmp23, i32* %storeLiIndex24, align 4
  %storeLiIndex25 = getelementptr inbounds i32, i32* %r_li, i32 1
  store i32 %tmp22, i32* %storeLiIndex25, align 4
  %storeLiIndex26 = getelementptr inbounds i32, i32* %r_li, i32 2
  store i32 %tmp21, i32* %storeLiIndex26, align 4
  store i32 0, i32* %i, align 4
  br label %while_predicate_block27

while_predicate_block27:                          ; preds = %while_body_block28, %while_merge_block
  %i35 = load i32, i32* %i, align 4
  %tmp36 = icmp slt i32 %i35, 3
  br i1 %tmp36, label %while_body_block28, label %while_merge_block29

while_body_block28:                               ; preds = %while_predicate_block27
  %i30 = load i32, i32* %i, align 4
  %storeLiIndex31 = getelementptr inbounds i32, i32* %r_li, i32 %i30
  %r_li32 = load i32, i32* %storeLiIndex31, align 4
  %printf = call i32 (i8*, ...) @printf(i8* getelementptr inbounds ([4 x i8], [4 x i8]* @fmt, i32 0, i32 0), i32 %r_li32)
  %i33 = load i32, i32* %i, align 4
  %tmp34 = add i32 %i33, 1
  store i32 %tmp34, i32* %i, align 4
  br label %while_predicate_block27

while_merge_block29:                              ; preds = %while_predicate_block27
  ret i32 0
}
